<?xml version="1.0" encoding="UTF-8"?>
<!-- Generated by org.testng.reporters.JUnitReportReporter -->
<testsuite hostname="DLLA1445" name="projecttest.TestClass" tests="1" failures="0" timestamp="29 Mar 2019 07:50:58 GMT" time="10.548" errors="0">
  <testcase name="test" time="10.548" classname="projecttest.TestClass"/>
</testsuite> <!-- projecttest.TestClass -->
